28-Mar-2018 08:51:49.380 警告 [93] org.apache.catalina.servlets.CGIServlet$CGIRunner.sendToLog stderr line: [syntax error at /Users/wangxiaolong/Downloads/Download/apache-tomcat-9.0.6/webapps/ROOT/WEB-INF/cgi/t3_cgi.py line 2, near "print"]
28-Mar-2018 08:51:49.385 警告 [93] org.apache.catalina.servlets.CGIServlet$CGIRunner.sendToLog stderr line: [Execution of /Users/wangxiaolong/Downloads/Download/apache-tomcat-9.0.6/webapps/ROOT/WEB-INF/cgi/t3_cgi.py aborted due to compilation errors.]
28-Mar-2018 08:51:49.387 警告 [93] org.apache.catalina.servlets.CGIServlet$CGIRunner.sendToLog Received [2] lines on stderr
28-Mar-2018 08:52:08.386 警告 [Thread-48] org.apache.catalina.servlets.CGIServlet$CGIRunner.sendToLog stderr line: [syntax error at /Users/wangxiaolong/Downloads/Download/apache-tomcat-9.0.6/webapps/ROOT/WEB-INF/cgi/t3_cgi.py line 2, near "print"]
28-Mar-2018 08:52:08.386 警告 [94] org.apache.catalina.servlets.CGIServlet$CGIRunner.sendToLog stderr line: [Execution of /Users/wangxiaolong/Downloads/Download/apache-tomcat-9.0.6/webapps/ROOT/WEB-INF/cgi/t3_cgi.py aborted due to compilation errors.]
28-Mar-2018 08:52:08.388 警告 [94] org.apache.catalina.servlets.CGIServlet$CGIRunner.sendToLog Received [2] lines on stderr
28-Mar-2018 08:52:49.251 警告 [Thread-51] org.apache.catalina.servlets.CGIServlet$CGIRunner.sendToLog stderr line: [syntax error at /Users/wangxiaolong/Downloads/Download/apache-tomcat-9.0.6/webapps/ROOT/WEB-INF/cgi/t3_cgi.py line 3, near ")]
28-Mar-2018 08:52:49.252 警告 [Thread-51] org.apache.catalina.servlets.CGIServlet$CGIRunner.sendToLog stderr line: [print"]
28-Mar-2018 08:52:49.253 警告 [Thread-51] org.apache.catalina.servlets.CGIServlet$CGIRunner.sendToLog stderr line: [Execution of /Users/wangxiaolong/Downloads/Download/apache-tomcat-9.0.6/webapps/ROOT/WEB-INF/cgi/t3_cgi.py aborted due to compilation errors.]
28-Mar-2018 08:52:49.253 警告 [Thread-51] org.apache.catalina.servlets.CGIServlet$CGIRunner.sendToLog Received [3] lines on stderr
28-Mar-2018 08:58:28.437 警告 [Thread-65] org.apache.catalina.servlets.CGIServlet$CGIRunner.sendToLog stderr line: [syntax error at /Users/wangxiaolong/Downloads/Download/apache-tomcat-9.0.6/webapps/ROOT/WEB-INF/cgi/t3_cgi.py line 9, near "print"]
28-Mar-2018 08:58:28.437 警告 [Thread-65] org.apache.catalina.servlets.CGIServlet$CGIRunner.sendToLog stderr line: [Execution of /Users/wangxiaolong/Downloads/Download/apache-tomcat-9.0.6/webapps/ROOT/WEB-INF/cgi/t3_cgi.py aborted due to compilation errors.]
28-Mar-2018 08:58:28.439 警告 [112] org.apache.catalina.servlets.CGIServlet$CGIRunner.sendToLog Received [2] lines on stderr
28-Mar-2018 09:52:04.581 警告 [Thread-80] org.apache.catalina.servlets.CGIServlet$CGIRunner.sendToLog stderr line: [Missing $ on loop variable at /Users/wangxiaolong/Downloads/Download/apache-tomcat-9.0.6/webapps/ROOT/WEB-INF/cgi/t3_cgi.py line 161.]
28-Mar-2018 09:52:04.585 警告 [Thread-80] org.apache.catalina.servlets.CGIServlet$CGIRunner.sendToLog Received [1] lines on stderr
28-Mar-2018 09:52:14.585 警告 [Thread-81] org.apache.catalina.servlets.CGIServlet$CGIRunner.sendToLog stderr line: [Missing $ on loop variable at /Users/wangxiaolong/Downloads/Download/apache-tomcat-9.0.6/webapps/ROOT/WEB-INF/cgi/t3_cgi.py line 161.]
28-Mar-2018 09:52:14.586 警告 [132] org.apache.catalina.servlets.CGIServlet$CGIRunner.sendToLog Received [1] lines on stderr
28-Mar-2018 09:55:10.484 警告 [Thread-89] org.apache.catalina.servlets.CGIServlet$CGIRunner.sendToLog stderr line: [Missing $ on loop variable at /Users/wangxiaolong/Downloads/Download/apache-tomcat-9.0.6/webapps/ROOT/WEB-INF/cgi/t3_cgi.py line 165.]
28-Mar-2018 09:55:10.485 警告 [Thread-89] org.apache.catalina.servlets.CGIServlet$CGIRunner.sendToLog Received [1] lines on stderr
28-Mar-2018 09:55:29.873 警告 [Thread-90] org.apache.catalina.servlets.CGIServlet$CGIRunner.sendToLog stderr line: [Bareword found where operator expected at /Users/wangxiaolong/Downloads/Download/apache-tomcat-9.0.6/webapps/ROOT/WEB-INF/cgi/t3_cgi.py line 165, near "$for key"]
28-Mar-2018 09:55:29.873 警告 [Thread-90] org.apache.catalina.servlets.CGIServlet$CGIRunner.sendToLog stderr line: [	(Missing operator before key?)]
28-Mar-2018 09:55:29.874 警告 [Thread-90] org.apache.catalina.servlets.CGIServlet$CGIRunner.sendToLog stderr line: [syntax error at /Users/wangxiaolong/Downloads/Download/apache-tomcat-9.0.6/webapps/ROOT/WEB-INF/cgi/t3_cgi.py line 165, near "$for key in "]
28-Mar-2018 09:55:29.874 警告 [Thread-90] org.apache.catalina.servlets.CGIServlet$CGIRunner.sendToLog stderr line: [Execution of /Users/wangxiaolong/Downloads/Download/apache-tomcat-9.0.6/webapps/ROOT/WEB-INF/cgi/t3_cgi.py aborted due to compilation errors.]
28-Mar-2018 09:55:29.875 警告 [141] org.apache.catalina.servlets.CGIServlet$CGIRunner.sendToLog Received [4] lines on stderr
28-Mar-2018 09:57:00.889 信息 [main] org.apache.catalina.core.StandardServer.await A valid shutdown command was received via the shutdown port. Stopping the Server instance.
28-Mar-2018 09:57:00.892 信息 [main] org.apache.coyote.AbstractProtocol.pause Pausing ProtocolHandler ["http-nio-8080"]
28-Mar-2018 09:57:00.966 信息 [main] org.apache.coyote.AbstractProtocol.pause Pausing ProtocolHandler ["ajp-nio-8009"]
28-Mar-2018 09:57:01.023 信息 [main] org.apache.catalina.core.StandardService.stopInternal Stopping service [Catalina]
28-Mar-2018 09:57:01.069 信息 [main] org.apache.coyote.AbstractProtocol.stop Stopping ProtocolHandler ["http-nio-8080"]
28-Mar-2018 09:57:01.072 信息 [main] org.apache.coyote.AbstractProtocol.stop Stopping ProtocolHandler ["ajp-nio-8009"]
28-Mar-2018 09:57:01.078 信息 [main] org.apache.coyote.AbstractProtocol.destroy Destroying ProtocolHandler ["http-nio-8080"]
28-Mar-2018 09:57:01.078 信息 [main] org.apache.coyote.AbstractProtocol.destroy Destroying ProtocolHandler ["ajp-nio-8009"]
28-Mar-2018 13:38:02.183 信息 [main] org.apache.catalina.startup.VersionLoggerListener.log Server version:        Apache Tomcat/9.0.6
28-Mar-2018 13:38:02.190 信息 [main] org.apache.catalina.startup.VersionLoggerListener.log Server built:          Mar 5 2018 09:34:35 UTC
28-Mar-2018 13:38:02.190 信息 [main] org.apache.catalina.startup.VersionLoggerListener.log Server number:         9.0.6.0
28-Mar-2018 13:38:02.191 信息 [main] org.apache.catalina.startup.VersionLoggerListener.log OS Name:               Mac OS X
28-Mar-2018 13:38:02.192 信息 [main] org.apache.catalina.startup.VersionLoggerListener.log OS Version:            10.13.4
28-Mar-2018 13:38:02.192 信息 [main] org.apache.catalina.startup.VersionLoggerListener.log Architecture:          x86_64
28-Mar-2018 13:38:02.192 信息 [main] org.apache.catalina.startup.VersionLoggerListener.log Java Home:             /Library/Java/JavaVirtualMachines/jdk1.8.0_141.jdk/Contents/Home/jre
28-Mar-2018 13:38:02.192 信息 [main] org.apache.catalina.startup.VersionLoggerListener.log JVM Version:           1.8.0_141-b15
28-Mar-2018 13:38:02.192 信息 [main] org.apache.catalina.startup.VersionLoggerListener.log JVM Vendor:            Oracle Corporation
28-Mar-2018 13:38:02.192 信息 [main] org.apache.catalina.startup.VersionLoggerListener.log CATALINA_BASE:         /Users/wangxiaolong/Downloads/Download/apache-tomcat-9.0.6
28-Mar-2018 13:38:02.192 信息 [main] org.apache.catalina.startup.VersionLoggerListener.log CATALINA_HOME:         /Users/wangxiaolong/Downloads/Download/apache-tomcat-9.0.6
28-Mar-2018 13:38:02.194 信息 [main] org.apache.catalina.startup.VersionLoggerListener.log Command line argument: -Djava.util.logging.config.file=/Users/wangxiaolong/Downloads/Download/apache-tomcat-9.0.6/conf/logging.properties
28-Mar-2018 13:38:02.194 信息 [main] org.apache.catalina.startup.VersionLoggerListener.log Command line argument: -Djava.util.logging.manager=org.apache.juli.ClassLoaderLogManager
28-Mar-2018 13:38:02.194 信息 [main] org.apache.catalina.startup.VersionLoggerListener.log Command line argument: -Djdk.tls.ephemeralDHKeySize=2048
28-Mar-2018 13:38:02.194 信息 [main] org.apache.catalina.startup.VersionLoggerListener.log Command line argument: -Djava.protocol.handler.pkgs=org.apache.catalina.webresources
28-Mar-2018 13:38:02.194 信息 [main] org.apache.catalina.startup.VersionLoggerListener.log Command line argument: -Dignore.endorsed.dirs=
28-Mar-2018 13:38:02.194 信息 [main] org.apache.catalina.startup.VersionLoggerListener.log Command line argument: -Dcatalina.base=/Users/wangxiaolong/Downloads/Download/apache-tomcat-9.0.6
28-Mar-2018 13:38:02.195 信息 [main] org.apache.catalina.startup.VersionLoggerListener.log Command line argument: -Dcatalina.home=/Users/wangxiaolong/Downloads/Download/apache-tomcat-9.0.6
28-Mar-2018 13:38:02.195 信息 [main] org.apache.catalina.startup.VersionLoggerListener.log Command line argument: -Djava.io.tmpdir=/Users/wangxiaolong/Downloads/Download/apache-tomcat-9.0.6/temp
28-Mar-2018 13:38:02.195 信息 [main] org.apache.catalina.core.AprLifecycleListener.lifecycleEvent The APR based Apache Tomcat Native library which allows optimal performance in production environments was not found on the java.library.path: [/Users/wangxiaolong/Library/Java/Extensions:/Library/Java/Extensions:/Network/Library/Java/Extensions:/System/Library/Java/Extensions:/usr/lib/java:.]
28-Mar-2018 13:38:02.613 信息 [main] org.apache.coyote.AbstractProtocol.init Initializing ProtocolHandler ["http-nio-8080"]
28-Mar-2018 13:38:02.643 严重 [main] org.apache.catalina.util.LifecycleBase.handleSubClassException Failed to initialize component [Connector[HTTP/1.1-8080]]
 org.apache.catalina.LifecycleException: Protocol handler initialization failed
	at org.apache.catalina.connector.Connector.initInternal(Connector.java:935)
	at org.apache.catalina.util.LifecycleBase.init(LifecycleBase.java:136)
	at org.apache.catalina.core.StandardService.initInternal(StandardService.java:530)
	at org.apache.catalina.util.LifecycleBase.init(LifecycleBase.java:136)
	at org.apache.catalina.core.StandardServer.initInternal(StandardServer.java:852)
	at org.apache.catalina.util.LifecycleBase.init(LifecycleBase.java:136)
	at org.apache.catalina.startup.Catalina.load(Catalina.java:633)
	at org.apache.catalina.startup.Catalina.load(Catalina.java:656)
	at sun.reflect.NativeMethodAccessorImpl.invoke0(Native Method)
	at sun.reflect.NativeMethodAccessorImpl.invoke(NativeMethodAccessorImpl.java:62)
	at sun.reflect.DelegatingMethodAccessorImpl.invoke(DelegatingMethodAccessorImpl.java:43)
	at java.lang.reflect.Method.invoke(Method.java:498)
	at org.apache.catalina.startup.Bootstrap.load(Bootstrap.java:309)
	at org.apache.catalina.startup.Bootstrap.main(Bootstrap.java:492)
Caused by: java.net.BindException: Address already in use
	at sun.nio.ch.Net.bind0(Native Method)
	at sun.nio.ch.Net.bind(Net.java:433)
	at sun.nio.ch.Net.bind(Net.java:425)
	at sun.nio.ch.ServerSocketChannelImpl.bind(ServerSocketChannelImpl.java:223)
	at sun.nio.ch.ServerSocketAdaptor.bind(ServerSocketAdaptor.java:74)
	at org.apache.tomcat.util.net.NioEndpoint.initServerSocket(NioEndpoint.java:227)
	at org.apache.tomcat.util.net.NioEndpoint.bind(NioEndpoint.java:202)
	at org.apache.tomcat.util.net.AbstractEndpoint.init(AbstractEndpoint.java:1043)
	at org.apache.coyote.AbstractProtocol.init(AbstractProtocol.java:540)
	at org.apache.coyote.http11.AbstractHttp11Protocol.init(AbstractHttp11Protocol.java:74)
	at org.apache.catalina.connector.Connector.initInternal(Connector.java:932)
	... 13 more

28-Mar-2018 13:38:02.645 信息 [main] org.apache.coyote.AbstractProtocol.init Initializing ProtocolHandler ["ajp-nio-8009"]
28-Mar-2018 13:38:02.657 信息 [main] org.apache.tomcat.util.net.NioSelectorPool.getSharedSelector Using a shared selector for servlet write/read
28-Mar-2018 13:38:02.671 信息 [main] org.apache.catalina.startup.Catalina.load Initialization processed in 1166 ms
28-Mar-2018 13:38:02.715 信息 [main] org.apache.catalina.core.StandardService.startInternal Starting service [Catalina]
28-Mar-2018 13:38:02.715 信息 [main] org.apache.catalina.core.StandardEngine.startInternal Starting Servlet Engine: Apache Tomcat/9.0.6
28-Mar-2018 13:38:02.733 信息 [main] org.apache.catalina.startup.HostConfig.deployDirectory Deploying web application directory [/Users/wangxiaolong/Downloads/Download/apache-tomcat-9.0.6/webapps/docs]
28-Mar-2018 13:38:03.221 信息 [main] org.apache.catalina.startup.HostConfig.deployDirectory Deployment of web application directory [/Users/wangxiaolong/Downloads/Download/apache-tomcat-9.0.6/webapps/docs] has finished in [488] ms
28-Mar-2018 13:38:03.222 信息 [main] org.apache.catalina.startup.HostConfig.deployDirectory Deploying web application directory [/Users/wangxiaolong/Downloads/Download/apache-tomcat-9.0.6/webapps/manager]
28-Mar-2018 13:38:03.267 信息 [main] org.apache.catalina.startup.HostConfig.deployDirectory Deployment of web application directory [/Users/wangxiaolong/Downloads/Download/apache-tomcat-9.0.6/webapps/manager] has finished in [44] ms
28-Mar-2018 13:38:03.268 信息 [main] org.apache.catalina.startup.HostConfig.deployDirectory Deploying web application directory [/Users/wangxiaolong/Downloads/Download/apache-tomcat-9.0.6/webapps/examples]
28-Mar-2018 13:38:03.669 信息 [main] org.apache.catalina.startup.HostConfig.deployDirectory Deployment of web application directory [/Users/wangxiaolong/Downloads/Download/apache-tomcat-9.0.6/webapps/examples] has finished in [401] ms
28-Mar-2018 13:38:03.669 信息 [main] org.apache.catalina.startup.HostConfig.deployDirectory Deploying web application directory [/Users/wangxiaolong/Downloads/Download/apache-tomcat-9.0.6/webapps/ROOT]
28-Mar-2018 13:38:03.702 信息 [main] org.apache.catalina.startup.HostConfig.deployDirectory Deployment of web application directory [/Users/wangxiaolong/Downloads/Download/apache-tomcat-9.0.6/webapps/ROOT] has finished in [32] ms
28-Mar-2018 13:38:03.702 信息 [main] org.apache.catalina.startup.HostConfig.deployDirectory Deploying web application directory [/Users/wangxiaolong/Downloads/Download/apache-tomcat-9.0.6/webapps/host-manager]
28-Mar-2018 13:38:03.721 信息 [main] org.apache.catalina.startup.HostConfig.deployDirectory Deployment of web application directory [/Users/wangxiaolong/Downloads/Download/apache-tomcat-9.0.6/webapps/host-manager] has finished in [19] ms
28-Mar-2018 13:38:03.725 信息 [main] org.apache.coyote.AbstractProtocol.start Starting ProtocolHandler ["ajp-nio-8009"]
28-Mar-2018 13:38:03.743 信息 [main] org.apache.catalina.startup.Catalina.start Server startup in 1069 ms
28-Mar-2018 13:40:28.831 信息 [main] org.apache.catalina.core.StandardServer.await A valid shutdown command was received via the shutdown port. Stopping the Server instance.
28-Mar-2018 13:40:28.832 信息 [main] org.apache.coyote.AbstractProtocol.pause Pausing ProtocolHandler ["http-nio-8080"]
28-Mar-2018 13:40:28.832 信息 [main] org.apache.coyote.AbstractProtocol.pause Pausing ProtocolHandler ["ajp-nio-8009"]
28-Mar-2018 13:40:28.891 信息 [main] org.apache.catalina.core.StandardService.stopInternal Stopping service [Catalina]
28-Mar-2018 13:40:28.929 信息 [main] org.apache.coyote.AbstractProtocol.stop Stopping ProtocolHandler ["ajp-nio-8009"]
28-Mar-2018 13:40:28.949 信息 [main] org.apache.coyote.AbstractProtocol.stop Stopping ProtocolHandler ["http-nio-8080"]
28-Mar-2018 13:40:28.950 信息 [main] org.apache.coyote.AbstractProtocol.destroy Destroying ProtocolHandler ["http-nio-8080"]
28-Mar-2018 13:40:28.950 信息 [main] org.apache.coyote.AbstractProtocol.destroy Destroying ProtocolHandler ["ajp-nio-8009"]
28-Mar-2018 13:40:36.269 信息 [main] org.apache.catalina.startup.VersionLoggerListener.log Server version:        Apache Tomcat/9.0.6
28-Mar-2018 13:40:36.275 信息 [main] org.apache.catalina.startup.VersionLoggerListener.log Server built:          Mar 5 2018 09:34:35 UTC
28-Mar-2018 13:40:36.275 信息 [main] org.apache.catalina.startup.VersionLoggerListener.log Server number:         9.0.6.0
28-Mar-2018 13:40:36.275 信息 [main] org.apache.catalina.startup.VersionLoggerListener.log OS Name:               Mac OS X
28-Mar-2018 13:40:36.275 信息 [main] org.apache.catalina.startup.VersionLoggerListener.log OS Version:            10.13.4
28-Mar-2018 13:40:36.276 信息 [main] org.apache.catalina.startup.VersionLoggerListener.log Architecture:          x86_64
28-Mar-2018 13:40:36.276 信息 [main] org.apache.catalina.startup.VersionLoggerListener.log Java Home:             /Library/Java/JavaVirtualMachines/jdk1.8.0_141.jdk/Contents/Home/jre
28-Mar-2018 13:40:36.276 信息 [main] org.apache.catalina.startup.VersionLoggerListener.log JVM Version:           1.8.0_141-b15
28-Mar-2018 13:40:36.277 信息 [main] org.apache.catalina.startup.VersionLoggerListener.log JVM Vendor:            Oracle Corporation
28-Mar-2018 13:40:36.277 信息 [main] org.apache.catalina.startup.VersionLoggerListener.log CATALINA_BASE:         /Users/wangxiaolong/Downloads/Download/apache-tomcat-9.0.6
28-Mar-2018 13:40:36.277 信息 [main] org.apache.catalina.startup.VersionLoggerListener.log CATALINA_HOME:         /Users/wangxiaolong/Downloads/Download/apache-tomcat-9.0.6
28-Mar-2018 13:40:36.278 信息 [main] org.apache.catalina.startup.VersionLoggerListener.log Command line argument: -Djava.util.logging.config.file=/Users/wangxiaolong/Downloads/Download/apache-tomcat-9.0.6/conf/logging.properties
28-Mar-2018 13:40:36.278 信息 [main] org.apache.catalina.startup.VersionLoggerListener.log Command line argument: -Djava.util.logging.manager=org.apache.juli.ClassLoaderLogManager
28-Mar-2018 13:40:36.279 信息 [main] org.apache.catalina.startup.VersionLoggerListener.log Command line argument: -Djdk.tls.ephemeralDHKeySize=2048
28-Mar-2018 13:40:36.279 信息 [main] org.apache.catalina.startup.VersionLoggerListener.log Command line argument: -Djava.protocol.handler.pkgs=org.apache.catalina.webresources
28-Mar-2018 13:40:36.279 信息 [main] org.apache.catalina.startup.VersionLoggerListener.log Command line argument: -Dignore.endorsed.dirs=
28-Mar-2018 13:40:36.279 信息 [main] org.apache.catalina.startup.VersionLoggerListener.log Command line argument: -Dcatalina.base=/Users/wangxiaolong/Downloads/Download/apache-tomcat-9.0.6
28-Mar-2018 13:40:36.279 信息 [main] org.apache.catalina.startup.VersionLoggerListener.log Command line argument: -Dcatalina.home=/Users/wangxiaolong/Downloads/Download/apache-tomcat-9.0.6
28-Mar-2018 13:40:36.280 信息 [main] org.apache.catalina.startup.VersionLoggerListener.log Command line argument: -Djava.io.tmpdir=/Users/wangxiaolong/Downloads/Download/apache-tomcat-9.0.6/temp
28-Mar-2018 13:40:36.280 信息 [main] org.apache.catalina.core.AprLifecycleListener.lifecycleEvent The APR based Apache Tomcat Native library which allows optimal performance in production environments was not found on the java.library.path: [/Users/wangxiaolong/Library/Java/Extensions:/Library/Java/Extensions:/Network/Library/Java/Extensions:/System/Library/Java/Extensions:/usr/lib/java:.]
28-Mar-2018 13:40:36.504 信息 [main] org.apache.coyote.AbstractProtocol.init Initializing ProtocolHandler ["http-nio-8080"]
28-Mar-2018 13:40:36.539 信息 [main] org.apache.tomcat.util.net.NioSelectorPool.getSharedSelector Using a shared selector for servlet write/read
28-Mar-2018 13:40:36.552 信息 [main] org.apache.coyote.AbstractProtocol.init Initializing ProtocolHandler ["ajp-nio-8009"]
28-Mar-2018 13:40:36.556 信息 [main] org.apache.tomcat.util.net.NioSelectorPool.getSharedSelector Using a shared selector for servlet write/read
28-Mar-2018 13:40:36.557 信息 [main] org.apache.catalina.startup.Catalina.load Initialization processed in 1019 ms
28-Mar-2018 13:40:36.603 信息 [main] org.apache.catalina.core.StandardService.startInternal Starting service [Catalina]
28-Mar-2018 13:40:36.604 信息 [main] org.apache.catalina.core.StandardEngine.startInternal Starting Servlet Engine: Apache Tomcat/9.0.6
28-Mar-2018 13:40:36.620 信息 [main] org.apache.catalina.startup.HostConfig.deployDirectory Deploying web application directory [/Users/wangxiaolong/Downloads/Download/apache-tomcat-9.0.6/webapps/docs]
28-Mar-2018 13:40:37.152 信息 [main] org.apache.catalina.startup.HostConfig.deployDirectory Deployment of web application directory [/Users/wangxiaolong/Downloads/Download/apache-tomcat-9.0.6/webapps/docs] has finished in [532] ms
28-Mar-2018 13:40:37.153 信息 [main] org.apache.catalina.startup.HostConfig.deployDirectory Deploying web application directory [/Users/wangxiaolong/Downloads/Download/apache-tomcat-9.0.6/webapps/manager]
28-Mar-2018 13:40:37.220 信息 [main] org.apache.catalina.startup.HostConfig.deployDirectory Deployment of web application directory [/Users/wangxiaolong/Downloads/Download/apache-tomcat-9.0.6/webapps/manager] has finished in [66] ms
28-Mar-2018 13:40:37.221 信息 [main] org.apache.catalina.startup.HostConfig.deployDirectory Deploying web application directory [/Users/wangxiaolong/Downloads/Download/apache-tomcat-9.0.6/webapps/examples]
28-Mar-2018 13:40:37.864 信息 [main] org.apache.catalina.startup.HostConfig.deployDirectory Deployment of web application directory [/Users/wangxiaolong/Downloads/Download/apache-tomcat-9.0.6/webapps/examples] has finished in [643] ms
28-Mar-2018 13:40:37.864 信息 [main] org.apache.catalina.startup.HostConfig.deployDirectory Deploying web application directory [/Users/wangxiaolong/Downloads/Download/apache-tomcat-9.0.6/webapps/ROOT]
28-Mar-2018 13:40:37.889 信息 [main] org.apache.catalina.startup.HostConfig.deployDirectory Deployment of web application directory [/Users/wangxiaolong/Downloads/Download/apache-tomcat-9.0.6/webapps/ROOT] has finished in [24] ms
28-Mar-2018 13:40:37.890 信息 [main] org.apache.catalina.startup.HostConfig.deployDirectory Deploying web application directory [/Users/wangxiaolong/Downloads/Download/apache-tomcat-9.0.6/webapps/host-manager]
28-Mar-2018 13:40:37.932 信息 [main] org.apache.catalina.startup.HostConfig.deployDirectory Deployment of web application directory [/Users/wangxiaolong/Downloads/Download/apache-tomcat-9.0.6/webapps/host-manager] has finished in [41] ms
28-Mar-2018 13:40:37.937 信息 [main] org.apache.coyote.AbstractProtocol.start Starting ProtocolHandler ["http-nio-8080"]
28-Mar-2018 13:40:37.955 信息 [main] org.apache.coyote.AbstractProtocol.start Starting ProtocolHandler ["ajp-nio-8009"]
28-Mar-2018 13:40:37.962 信息 [main] org.apache.catalina.startup.Catalina.start Server startup in 1404 ms
28-Mar-2018 13:40:43.026 警告 [Thread-6] org.apache.catalina.servlets.CGIServlet$CGIRunner.sendToLog stderr line: [Bareword found where operator expected at /Users/wangxiaolong/Downloads/Download/apache-tomcat-9.0.6/webapps/ROOT/WEB-INF/cgi/t3_cgi.py line 165, near "$for key"]
28-Mar-2018 13:40:43.026 警告 [Thread-6] org.apache.catalina.servlets.CGIServlet$CGIRunner.sendToLog stderr line: [	(Missing operator before key?)]
28-Mar-2018 13:40:43.027 警告 [Thread-6] org.apache.catalina.servlets.CGIServlet$CGIRunner.sendToLog stderr line: [syntax error at /Users/wangxiaolong/Downloads/Download/apache-tomcat-9.0.6/webapps/ROOT/WEB-INF/cgi/t3_cgi.py line 165, near "$for key in "]
28-Mar-2018 13:40:43.027 警告 [Thread-6] org.apache.catalina.servlets.CGIServlet$CGIRunner.sendToLog stderr line: [Execution of /Users/wangxiaolong/Downloads/Download/apache-tomcat-9.0.6/webapps/ROOT/WEB-INF/cgi/t3_cgi.py aborted due to compilation errors.]
28-Mar-2018 13:40:43.028 警告 [Thread-6] org.apache.catalina.servlets.CGIServlet$CGIRunner.sendToLog Received [4] lines on stderr
28-Mar-2018 13:40:49.424 警告 [Thread-7] org.apache.catalina.servlets.CGIServlet$CGIRunner.sendToLog stderr line: [Bareword found where operator expected at /Users/wangxiaolong/Downloads/Download/apache-tomcat-9.0.6/webapps/ROOT/WEB-INF/cgi/t3_cgi.py line 165, near "$for key"]
28-Mar-2018 13:40:49.425 警告 [Thread-7] org.apache.catalina.servlets.CGIServlet$CGIRunner.sendToLog stderr line: [	(Missing operator before key?)]
28-Mar-2018 13:40:49.426 警告 [Thread-7] org.apache.catalina.servlets.CGIServlet$CGIRunner.sendToLog stderr line: [syntax error at /Users/wangxiaolong/Downloads/Download/apache-tomcat-9.0.6/webapps/ROOT/WEB-INF/cgi/t3_cgi.py line 165, near "$for key in "]
28-Mar-2018 13:40:49.426 警告 [Thread-7] org.apache.catalina.servlets.CGIServlet$CGIRunner.sendToLog stderr line: [Execution of /Users/wangxiaolong/Downloads/Download/apache-tomcat-9.0.6/webapps/ROOT/WEB-INF/cgi/t3_cgi.py aborted due to compilation errors.]
28-Mar-2018 13:40:49.426 警告 [48] org.apache.catalina.servlets.CGIServlet$CGIRunner.sendToLog Received [4] lines on stderr
28-Mar-2018 13:42:45.029 警告 [Thread-8] org.apache.catalina.servlets.CGIServlet$CGIRunner.sendToLog stderr line: [Can't exec /usr/bin/python3 at /Users/wangxiaolong/Downloads/Download/apache-tomcat-9.0.6/webapps/ROOT/WEB-INF/cgi/hello.py line 1.]
28-Mar-2018 13:42:45.031 警告 [Thread-8] org.apache.catalina.servlets.CGIServlet$CGIRunner.sendToLog Received [1] lines on stderr
28-Mar-2018 13:47:18.127 信息 [ContainerBackgroundProcessor[StandardEngine[Catalina]]] org.apache.catalina.startup.HostConfig.reload Reloading context []
28-Mar-2018 13:47:18.129 信息 [ContainerBackgroundProcessor[StandardEngine[Catalina]]] org.apache.catalina.core.StandardContext.reload Reloading Context with name [] has started
28-Mar-2018 13:47:18.246 信息 [ContainerBackgroundProcessor[StandardEngine[Catalina]]] org.apache.catalina.core.StandardContext.reload Reloading Context with name [] is completed
28-Mar-2018 13:47:18.246 信息 [ContainerBackgroundProcessor[StandardEngine[Catalina]]] org.apache.catalina.startup.HostConfig.reload Reloading context [/examples]
28-Mar-2018 13:47:18.246 信息 [ContainerBackgroundProcessor[StandardEngine[Catalina]]] org.apache.catalina.core.StandardContext.reload Reloading Context with name [/examples] has started
28-Mar-2018 13:47:18.621 信息 [ContainerBackgroundProcessor[StandardEngine[Catalina]]] org.apache.catalina.core.StandardContext.reload Reloading Context with name [/examples] is completed
28-Mar-2018 13:47:18.622 信息 [ContainerBackgroundProcessor[StandardEngine[Catalina]]] org.apache.catalina.startup.HostConfig.reload Reloading context [/host-manager]
28-Mar-2018 13:47:18.623 信息 [ContainerBackgroundProcessor[StandardEngine[Catalina]]] org.apache.catalina.core.StandardContext.reload Reloading Context with name [/host-manager] has started
28-Mar-2018 13:47:18.651 信息 [ContainerBackgroundProcessor[StandardEngine[Catalina]]] org.apache.catalina.core.StandardContext.reload Reloading Context with name [/host-manager] is completed
28-Mar-2018 13:47:18.651 信息 [ContainerBackgroundProcessor[StandardEngine[Catalina]]] org.apache.catalina.startup.HostConfig.reload Reloading context [/manager]
28-Mar-2018 13:47:18.651 信息 [ContainerBackgroundProcessor[StandardEngine[Catalina]]] org.apache.catalina.core.StandardContext.reload Reloading Context with name [/manager] has started
28-Mar-2018 13:47:18.677 信息 [ContainerBackgroundProcessor[StandardEngine[Catalina]]] org.apache.catalina.core.StandardContext.reload Reloading Context with name [/manager] is completed
28-Mar-2018 13:47:18.678 信息 [ContainerBackgroundProcessor[StandardEngine[Catalina]]] org.apache.catalina.startup.HostConfig.reload Reloading context [/docs]
28-Mar-2018 13:47:18.678 信息 [ContainerBackgroundProcessor[StandardEngine[Catalina]]] org.apache.catalina.core.StandardContext.reload Reloading Context with name [/docs] has started
28-Mar-2018 13:47:18.704 信息 [ContainerBackgroundProcessor[StandardEngine[Catalina]]] org.apache.catalina.core.StandardContext.reload Reloading Context with name [/docs] is completed
28-Mar-2018 13:47:38.712 信息 [ContainerBackgroundProcessor[StandardEngine[Catalina]]] org.apache.catalina.startup.HostConfig.reload Reloading context []
28-Mar-2018 13:47:38.713 信息 [ContainerBackgroundProcessor[StandardEngine[Catalina]]] org.apache.catalina.core.StandardContext.reload Reloading Context with name [] has started
28-Mar-2018 13:47:38.749 信息 [ContainerBackgroundProcessor[StandardEngine[Catalina]]] org.apache.catalina.core.StandardContext.reload Reloading Context with name [] is completed
28-Mar-2018 13:47:38.750 信息 [ContainerBackgroundProcessor[StandardEngine[Catalina]]] org.apache.catalina.startup.HostConfig.reload Reloading context [/examples]
28-Mar-2018 13:47:38.750 信息 [ContainerBackgroundProcessor[StandardEngine[Catalina]]] org.apache.catalina.core.StandardContext.reload Reloading Context with name [/examples] has started
28-Mar-2018 13:47:38.954 信息 [ContainerBackgroundProcessor[StandardEngine[Catalina]]] org.apache.catalina.core.StandardContext.reload Reloading Context with name [/examples] is completed
28-Mar-2018 13:47:38.954 信息 [ContainerBackgroundProcessor[StandardEngine[Catalina]]] org.apache.catalina.startup.HostConfig.reload Reloading context [/host-manager]
28-Mar-2018 13:47:38.955 信息 [ContainerBackgroundProcessor[StandardEngine[Catalina]]] org.apache.catalina.core.StandardContext.reload Reloading Context with name [/host-manager] has started
28-Mar-2018 13:47:38.975 信息 [ContainerBackgroundProcessor[StandardEngine[Catalina]]] org.apache.catalina.core.StandardContext.reload Reloading Context with name [/host-manager] is completed
28-Mar-2018 13:47:38.975 信息 [ContainerBackgroundProcessor[StandardEngine[Catalina]]] org.apache.catalina.startup.HostConfig.reload Reloading context [/manager]
28-Mar-2018 13:47:38.976 信息 [ContainerBackgroundProcessor[StandardEngine[Catalina]]] org.apache.catalina.core.StandardContext.reload Reloading Context with name [/manager] has started
28-Mar-2018 13:47:38.995 信息 [ContainerBackgroundProcessor[StandardEngine[Catalina]]] org.apache.catalina.core.StandardContext.reload Reloading Context with name [/manager] is completed
28-Mar-2018 13:47:38.996 信息 [ContainerBackgroundProcessor[StandardEngine[Catalina]]] org.apache.catalina.startup.HostConfig.reload Reloading context [/docs]
28-Mar-2018 13:47:38.996 信息 [ContainerBackgroundProcessor[StandardEngine[Catalina]]] org.apache.catalina.core.StandardContext.reload Reloading Context with name [/docs] has started
28-Mar-2018 13:47:39.018 信息 [ContainerBackgroundProcessor[StandardEngine[Catalina]]] org.apache.catalina.core.StandardContext.reload Reloading Context with name [/docs] is completed
28-Mar-2018 13:47:59.028 信息 [ContainerBackgroundProcessor[StandardEngine[Catalina]]] org.apache.catalina.startup.HostConfig.reload Reloading context []
28-Mar-2018 13:47:59.029 信息 [ContainerBackgroundProcessor[StandardEngine[Catalina]]] org.apache.catalina.core.StandardContext.reload Reloading Context with name [] has started
28-Mar-2018 13:47:59.142 信息 [ContainerBackgroundProcessor[StandardEngine[Catalina]]] org.apache.catalina.core.StandardContext.reload Reloading Context with name [] is completed
28-Mar-2018 13:47:59.142 信息 [ContainerBackgroundProcessor[StandardEngine[Catalina]]] org.apache.catalina.startup.HostConfig.reload Reloading context [/examples]
28-Mar-2018 13:47:59.143 信息 [ContainerBackgroundProcessor[StandardEngine[Catalina]]] org.apache.catalina.core.StandardContext.reload Reloading Context with name [/examples] has started
28-Mar-2018 13:47:59.286 信息 [ContainerBackgroundProcessor[StandardEngine[Catalina]]] org.apache.catalina.core.StandardContext.reload Reloading Context with name [/examples] is completed
28-Mar-2018 13:47:59.286 信息 [ContainerBackgroundProcessor[StandardEngine[Catalina]]] org.apache.catalina.startup.HostConfig.reload Reloading context [/host-manager]
28-Mar-2018 13:47:59.286 信息 [ContainerBackgroundProcessor[StandardEngine[Catalina]]] org.apache.catalina.core.StandardContext.reload Reloading Context with name [/host-manager] has started
28-Mar-2018 13:47:59.304 信息 [ContainerBackgroundProcessor[StandardEngine[Catalina]]] org.apache.catalina.core.StandardContext.reload Reloading Context with name [/host-manager] is completed
28-Mar-2018 13:47:59.305 信息 [ContainerBackgroundProcessor[StandardEngine[Catalina]]] org.apache.catalina.startup.HostConfig.reload Reloading context [/manager]
28-Mar-2018 13:47:59.305 信息 [ContainerBackgroundProcessor[StandardEngine[Catalina]]] org.apache.catalina.core.StandardContext.reload Reloading Context with name [/manager] has started
28-Mar-2018 13:47:59.323 信息 [ContainerBackgroundProcessor[StandardEngine[Catalina]]] org.apache.catalina.core.StandardContext.reload Reloading Context with name [/manager] is completed
28-Mar-2018 13:47:59.323 信息 [ContainerBackgroundProcessor[StandardEngine[Catalina]]] org.apache.catalina.startup.HostConfig.reload Reloading context [/docs]
28-Mar-2018 13:47:59.323 信息 [ContainerBackgroundProcessor[StandardEngine[Catalina]]] org.apache.catalina.core.StandardContext.reload Reloading Context with name [/docs] has started
28-Mar-2018 13:47:59.339 信息 [ContainerBackgroundProcessor[StandardEngine[Catalina]]] org.apache.catalina.core.StandardContext.reload Reloading Context with name [/docs] is completed
28-Mar-2018 13:48:49.364 信息 [ContainerBackgroundProcessor[StandardEngine[Catalina]]] org.apache.catalina.startup.HostConfig.reload Reloading context []
28-Mar-2018 13:48:49.364 信息 [ContainerBackgroundProcessor[StandardEngine[Catalina]]] org.apache.catalina.core.StandardContext.reload Reloading Context with name [] has started
28-Mar-2018 13:48:49.385 信息 [ContainerBackgroundProcessor[StandardEngine[Catalina]]] org.apache.catalina.core.StandardContext.reload Reloading Context with name [] is completed
28-Mar-2018 13:48:49.386 信息 [ContainerBackgroundProcessor[StandardEngine[Catalina]]] org.apache.catalina.startup.HostConfig.reload Reloading context [/examples]
28-Mar-2018 13:48:49.386 信息 [ContainerBackgroundProcessor[StandardEngine[Catalina]]] org.apache.catalina.core.StandardContext.reload Reloading Context with name [/examples] has started
28-Mar-2018 13:48:49.512 信息 [ContainerBackgroundProcessor[StandardEngine[Catalina]]] org.apache.catalina.core.StandardContext.reload Reloading Context with name [/examples] is completed
28-Mar-2018 13:48:49.513 信息 [ContainerBackgroundProcessor[StandardEngine[Catalina]]] org.apache.catalina.startup.HostConfig.reload Reloading context [/host-manager]
28-Mar-2018 13:48:49.513 信息 [ContainerBackgroundProcessor[StandardEngine[Catalina]]] org.apache.catalina.core.StandardContext.reload Reloading Context with name [/host-manager] has started
28-Mar-2018 13:48:49.526 信息 [ContainerBackgroundProcessor[StandardEngine[Catalina]]] org.apache.catalina.core.StandardContext.reload Reloading Context with name [/host-manager] is completed
28-Mar-2018 13:48:49.527 信息 [ContainerBackgroundProcessor[StandardEngine[Catalina]]] org.apache.catalina.startup.HostConfig.reload Reloading context [/manager]
28-Mar-2018 13:48:49.527 信息 [ContainerBackgroundProcessor[StandardEngine[Catalina]]] org.apache.catalina.core.StandardContext.reload Reloading Context with name [/manager] has started
28-Mar-2018 13:48:49.542 信息 [ContainerBackgroundProcessor[StandardEngine[Catalina]]] org.apache.catalina.core.StandardContext.reload Reloading Context with name [/manager] is completed
28-Mar-2018 13:48:49.542 信息 [ContainerBackgroundProcessor[StandardEngine[Catalina]]] org.apache.catalina.startup.HostConfig.reload Reloading context [/docs]
28-Mar-2018 13:48:49.543 信息 [ContainerBackgroundProcessor[StandardEngine[Catalina]]] org.apache.catalina.core.StandardContext.reload Reloading Context with name [/docs] has started
28-Mar-2018 13:48:49.555 信息 [ContainerBackgroundProcessor[StandardEngine[Catalina]]] org.apache.catalina.core.StandardContext.reload Reloading Context with name [/docs] is completed
28-Mar-2018 13:49:19.572 信息 [ContainerBackgroundProcessor[StandardEngine[Catalina]]] org.apache.catalina.startup.HostConfig.reload Reloading context []
28-Mar-2018 13:49:19.573 信息 [ContainerBackgroundProcessor[StandardEngine[Catalina]]] org.apache.catalina.core.StandardContext.reload Reloading Context with name [] has started
28-Mar-2018 13:49:19.599 信息 [ContainerBackgroundProcessor[StandardEngine[Catalina]]] org.apache.catalina.core.StandardContext.reload Reloading Context with name [] is completed
28-Mar-2018 13:49:19.600 信息 [ContainerBackgroundProcessor[StandardEngine[Catalina]]] org.apache.catalina.startup.HostConfig.reload Reloading context [/examples]
28-Mar-2018 13:49:19.600 信息 [ContainerBackgroundProcessor[StandardEngine[Catalina]]] org.apache.catalina.core.StandardContext.reload Reloading Context with name [/examples] has started
28-Mar-2018 13:49:19.810 信息 [ContainerBackgroundProcessor[StandardEngine[Catalina]]] org.apache.catalina.core.StandardContext.reload Reloading Context with name [/examples] is completed
28-Mar-2018 13:49:19.810 信息 [ContainerBackgroundProcessor[StandardEngine[Catalina]]] org.apache.catalina.startup.HostConfig.reload Reloading context [/host-manager]
28-Mar-2018 13:49:19.811 信息 [ContainerBackgroundProcessor[StandardEngine[Catalina]]] org.apache.catalina.core.StandardContext.reload Reloading Context with name [/host-manager] has started
28-Mar-2018 13:49:19.832 信息 [ContainerBackgroundProcessor[StandardEngine[Catalina]]] org.apache.catalina.core.StandardContext.reload Reloading Context with name [/host-manager] is completed
28-Mar-2018 13:49:19.832 信息 [ContainerBackgroundProcessor[StandardEngine[Catalina]]] org.apache.catalina.startup.HostConfig.reload Reloading context [/manager]
28-Mar-2018 13:49:19.832 信息 [ContainerBackgroundProcessor[StandardEngine[Catalina]]] org.apache.catalina.core.StandardContext.reload Reloading Context with name [/manager] has started
28-Mar-2018 13:49:19.848 信息 [ContainerBackgroundProcessor[StandardEngine[Catalina]]] org.apache.catalina.core.StandardContext.reload Reloading Context with name [/manager] is completed
28-Mar-2018 13:49:19.849 信息 [ContainerBackgroundProcessor[StandardEngine[Catalina]]] org.apache.catalina.startup.HostConfig.reload Reloading context [/docs]
28-Mar-2018 13:49:19.849 信息 [ContainerBackgroundProcessor[StandardEngine[Catalina]]] org.apache.catalina.core.StandardContext.reload Reloading Context with name [/docs] has started
28-Mar-2018 13:49:19.864 信息 [ContainerBackgroundProcessor[StandardEngine[Catalina]]] org.apache.catalina.core.StandardContext.reload Reloading Context with name [/docs] is completed
28-Mar-2018 13:49:39.869 信息 [ContainerBackgroundProcessor[StandardEngine[Catalina]]] org.apache.catalina.startup.HostConfig.reload Reloading context []
28-Mar-2018 13:49:39.869 信息 [ContainerBackgroundProcessor[StandardEngine[Catalina]]] org.apache.catalina.core.StandardContext.reload Reloading Context with name [] has started
28-Mar-2018 13:49:39.888 信息 [ContainerBackgroundProcessor[StandardEngine[Catalina]]] org.apache.catalina.core.StandardContext.reload Reloading Context with name [] is completed
28-Mar-2018 13:49:39.888 信息 [ContainerBackgroundProcessor[StandardEngine[Catalina]]] org.apache.catalina.startup.HostConfig.reload Reloading context [/examples]
28-Mar-2018 13:49:39.889 信息 [ContainerBackgroundProcessor[StandardEngine[Catalina]]] org.apache.catalina.core.StandardContext.reload Reloading Context with name [/examples] has started
28-Mar-2018 13:49:40.024 信息 [ContainerBackgroundProcessor[StandardEngine[Catalina]]] org.apache.catalina.core.StandardContext.reload Reloading Context with name [/examples] is completed
28-Mar-2018 13:49:40.025 信息 [ContainerBackgroundProcessor[StandardEngine[Catalina]]] org.apache.catalina.startup.HostConfig.reload Reloading context [/host-manager]
28-Mar-2018 13:49:40.025 信息 [ContainerBackgroundProcessor[StandardEngine[Catalina]]] org.apache.catalina.core.StandardContext.reload Reloading Context with name [/host-manager] has started
28-Mar-2018 13:49:40.042 信息 [ContainerBackgroundProcessor[StandardEngine[Catalina]]] org.apache.catalina.core.StandardContext.reload Reloading Context with name [/host-manager] is completed
28-Mar-2018 13:49:40.043 信息 [ContainerBackgroundProcessor[StandardEngine[Catalina]]] org.apache.catalina.startup.HostConfig.reload Reloading context [/manager]
28-Mar-2018 13:49:40.043 信息 [ContainerBackgroundProcessor[StandardEngine[Catalina]]] org.apache.catalina.core.StandardContext.reload Reloading Context with name [/manager] has started
28-Mar-2018 13:49:40.068 信息 [ContainerBackgroundProcessor[StandardEngine[Catalina]]] org.apache.catalina.core.StandardContext.reload Reloading Context with name [/manager] is completed
28-Mar-2018 13:49:40.068 信息 [ContainerBackgroundProcessor[StandardEngine[Catalina]]] org.apache.catalina.startup.HostConfig.reload Reloading context [/docs]
28-Mar-2018 13:49:40.069 信息 [ContainerBackgroundProcessor[StandardEngine[Catalina]]] org.apache.catalina.core.StandardContext.reload Reloading Context with name [/docs] has started
28-Mar-2018 13:49:40.081 信息 [ContainerBackgroundProcessor[StandardEngine[Catalina]]] org.apache.catalina.core.StandardContext.reload Reloading Context with name [/docs] is completed
28-Mar-2018 13:51:10.119 信息 [ContainerBackgroundProcessor[StandardEngine[Catalina]]] org.apache.catalina.startup.HostConfig.reload Reloading context []
28-Mar-2018 13:51:10.120 信息 [ContainerBackgroundProcessor[StandardEngine[Catalina]]] org.apache.catalina.core.StandardContext.reload Reloading Context with name [] has started
28-Mar-2018 13:51:10.137 信息 [ContainerBackgroundProcessor[StandardEngine[Catalina]]] org.apache.catalina.core.StandardContext.reload Reloading Context with name [] is completed
28-Mar-2018 13:51:10.138 信息 [ContainerBackgroundProcessor[StandardEngine[Catalina]]] org.apache.catalina.startup.HostConfig.reload Reloading context [/examples]
28-Mar-2018 13:51:10.138 信息 [ContainerBackgroundProcessor[StandardEngine[Catalina]]] org.apache.catalina.core.StandardContext.reload Reloading Context with name [/examples] has started
28-Mar-2018 13:51:10.357 信息 [ContainerBackgroundProcessor[StandardEngine[Catalina]]] org.apache.catalina.core.StandardContext.reload Reloading Context with name [/examples] is completed
28-Mar-2018 13:51:10.358 信息 [ContainerBackgroundProcessor[StandardEngine[Catalina]]] org.apache.catalina.startup.HostConfig.reload Reloading context [/host-manager]
28-Mar-2018 13:51:10.359 信息 [ContainerBackgroundProcessor[StandardEngine[Catalina]]] org.apache.catalina.core.StandardContext.reload Reloading Context with name [/host-manager] has started
28-Mar-2018 13:51:10.383 信息 [ContainerBackgroundProcessor[StandardEngine[Catalina]]] org.apache.catalina.core.StandardContext.reload Reloading Context with name [/host-manager] is completed
28-Mar-2018 13:51:10.384 信息 [ContainerBackgroundProcessor[StandardEngine[Catalina]]] org.apache.catalina.startup.HostConfig.reload Reloading context [/manager]
28-Mar-2018 13:51:10.384 信息 [ContainerBackgroundProcessor[StandardEngine[Catalina]]] org.apache.catalina.core.StandardContext.reload Reloading Context with name [/manager] has started
28-Mar-2018 13:51:10.402 信息 [ContainerBackgroundProcessor[StandardEngine[Catalina]]] org.apache.catalina.core.StandardContext.reload Reloading Context with name [/manager] is completed
28-Mar-2018 13:51:10.402 信息 [ContainerBackgroundProcessor[StandardEngine[Catalina]]] org.apache.catalina.startup.HostConfig.reload Reloading context [/docs]
28-Mar-2018 13:51:10.402 信息 [ContainerBackgroundProcessor[StandardEngine[Catalina]]] org.apache.catalina.core.StandardContext.reload Reloading Context with name [/docs] has started
28-Mar-2018 13:51:10.423 信息 [ContainerBackgroundProcessor[StandardEngine[Catalina]]] org.apache.catalina.core.StandardContext.reload Reloading Context with name [/docs] is completed
28-Mar-2018 13:51:18.016 信息 [main] org.apache.catalina.core.StandardServer.await A valid shutdown command was received via the shutdown port. Stopping the Server instance.
28-Mar-2018 13:51:18.017 信息 [main] org.apache.coyote.AbstractProtocol.pause Pausing ProtocolHandler ["http-nio-8080"]
28-Mar-2018 13:51:18.076 信息 [main] org.apache.coyote.AbstractProtocol.pause Pausing ProtocolHandler ["ajp-nio-8009"]
28-Mar-2018 13:51:18.130 信息 [main] org.apache.catalina.core.StandardService.stopInternal Stopping service [Catalina]
28-Mar-2018 13:51:18.152 信息 [main] org.apache.coyote.AbstractProtocol.stop Stopping ProtocolHandler ["http-nio-8080"]
28-Mar-2018 13:51:18.155 信息 [main] org.apache.coyote.AbstractProtocol.stop Stopping ProtocolHandler ["ajp-nio-8009"]
28-Mar-2018 13:51:18.156 信息 [main] org.apache.coyote.AbstractProtocol.destroy Destroying ProtocolHandler ["http-nio-8080"]
28-Mar-2018 13:51:18.157 信息 [main] org.apache.coyote.AbstractProtocol.destroy Destroying ProtocolHandler ["ajp-nio-8009"]
28-Mar-2018 13:51:35.636 信息 [main] org.apache.catalina.startup.VersionLoggerListener.log Server version:        Apache Tomcat/9.0.6
28-Mar-2018 13:51:35.640 信息 [main] org.apache.catalina.startup.VersionLoggerListener.log Server built:          Mar 5 2018 09:34:35 UTC
28-Mar-2018 13:51:35.640 信息 [main] org.apache.catalina.startup.VersionLoggerListener.log Server number:         9.0.6.0
28-Mar-2018 13:51:35.640 信息 [main] org.apache.catalina.startup.VersionLoggerListener.log OS Name:               Mac OS X
28-Mar-2018 13:51:35.640 信息 [main] org.apache.catalina.startup.VersionLoggerListener.log OS Version:            10.13.4
28-Mar-2018 13:51:35.640 信息 [main] org.apache.catalina.startup.VersionLoggerListener.log Architecture:          x86_64
28-Mar-2018 13:51:35.640 信息 [main] org.apache.catalina.startup.VersionLoggerListener.log Java Home:             /Library/Java/JavaVirtualMachines/jdk1.8.0_141.jdk/Contents/Home/jre
28-Mar-2018 13:51:35.640 信息 [main] org.apache.catalina.startup.VersionLoggerListener.log JVM Version:           1.8.0_141-b15
28-Mar-2018 13:51:35.641 信息 [main] org.apache.catalina.startup.VersionLoggerListener.log JVM Vendor:            Oracle Corporation
28-Mar-2018 13:51:35.641 信息 [main] org.apache.catalina.startup.VersionLoggerListener.log CATALINA_BASE:         /Users/wangxiaolong/Downloads/Download/apache-tomcat-9.0.6
28-Mar-2018 13:51:35.641 信息 [main] org.apache.catalina.startup.VersionLoggerListener.log CATALINA_HOME:         /Users/wangxiaolong/Downloads/Download/apache-tomcat-9.0.6
28-Mar-2018 13:51:35.642 信息 [main] org.apache.catalina.startup.VersionLoggerListener.log Command line argument: -Djava.util.logging.config.file=/Users/wangxiaolong/Downloads/Download/apache-tomcat-9.0.6/conf/logging.properties
28-Mar-2018 13:51:35.642 信息 [main] org.apache.catalina.startup.VersionLoggerListener.log Command line argument: -Djava.util.logging.manager=org.apache.juli.ClassLoaderLogManager
28-Mar-2018 13:51:35.642 信息 [main] org.apache.catalina.startup.VersionLoggerListener.log Command line argument: -Djdk.tls.ephemeralDHKeySize=2048
28-Mar-2018 13:51:35.642 信息 [main] org.apache.catalina.startup.VersionLoggerListener.log Command line argument: -Djava.protocol.handler.pkgs=org.apache.catalina.webresources
28-Mar-2018 13:51:35.643 信息 [main] org.apache.catalina.startup.VersionLoggerListener.log Command line argument: -Dignore.endorsed.dirs=
28-Mar-2018 13:51:35.643 信息 [main] org.apache.catalina.startup.VersionLoggerListener.log Command line argument: -Dcatalina.base=/Users/wangxiaolong/Downloads/Download/apache-tomcat-9.0.6
28-Mar-2018 13:51:35.643 信息 [main] org.apache.catalina.startup.VersionLoggerListener.log Command line argument: -Dcatalina.home=/Users/wangxiaolong/Downloads/Download/apache-tomcat-9.0.6
28-Mar-2018 13:51:35.643 信息 [main] org.apache.catalina.startup.VersionLoggerListener.log Command line argument: -Djava.io.tmpdir=/Users/wangxiaolong/Downloads/Download/apache-tomcat-9.0.6/temp
28-Mar-2018 13:51:35.643 信息 [main] org.apache.catalina.core.AprLifecycleListener.lifecycleEvent The APR based Apache Tomcat Native library which allows optimal performance in production environments was not found on the java.library.path: [/Users/wangxiaolong/Library/Java/Extensions:/Library/Java/Extensions:/Network/Library/Java/Extensions:/System/Library/Java/Extensions:/usr/lib/java:.]
28-Mar-2018 13:51:35.776 信息 [main] org.apache.coyote.AbstractProtocol.init Initializing ProtocolHandler ["http-nio-8080"]
28-Mar-2018 13:51:35.801 信息 [main] org.apache.tomcat.util.net.NioSelectorPool.getSharedSelector Using a shared selector for servlet write/read
28-Mar-2018 13:51:35.808 信息 [main] org.apache.coyote.AbstractProtocol.init Initializing ProtocolHandler ["ajp-nio-8009"]
28-Mar-2018 13:51:35.810 信息 [main] org.apache.tomcat.util.net.NioSelectorPool.getSharedSelector Using a shared selector for servlet write/read
28-Mar-2018 13:51:35.810 信息 [main] org.apache.catalina.startup.Catalina.load Initialization processed in 670 ms
28-Mar-2018 13:51:35.849 信息 [main] org.apache.catalina.core.StandardService.startInternal Starting service [Catalina]
28-Mar-2018 13:51:35.849 信息 [main] org.apache.catalina.core.StandardEngine.startInternal Starting Servlet Engine: Apache Tomcat/9.0.6
28-Mar-2018 13:51:35.857 信息 [main] org.apache.catalina.startup.HostConfig.deployDirectory Deploying web application directory [/Users/wangxiaolong/Downloads/Download/apache-tomcat-9.0.6/webapps/docs]
28-Mar-2018 13:51:36.484 信息 [main] org.apache.catalina.startup.HostConfig.deployDirectory Deployment of web application directory [/Users/wangxiaolong/Downloads/Download/apache-tomcat-9.0.6/webapps/docs] has finished in [626] ms
28-Mar-2018 13:51:36.484 信息 [main] org.apache.catalina.startup.HostConfig.deployDirectory Deploying web application directory [/Users/wangxiaolong/Downloads/Download/apache-tomcat-9.0.6/webapps/manager]
28-Mar-2018 13:51:36.534 信息 [main] org.apache.catalina.startup.HostConfig.deployDirectory Deployment of web application directory [/Users/wangxiaolong/Downloads/Download/apache-tomcat-9.0.6/webapps/manager] has finished in [50] ms
28-Mar-2018 13:51:36.535 信息 [main] org.apache.catalina.startup.HostConfig.deployDirectory Deploying web application directory [/Users/wangxiaolong/Downloads/Download/apache-tomcat-9.0.6/webapps/examples]
28-Mar-2018 13:51:36.965 信息 [main] org.apache.catalina.startup.HostConfig.deployDirectory Deployment of web application directory [/Users/wangxiaolong/Downloads/Download/apache-tomcat-9.0.6/webapps/examples] has finished in [429] ms
28-Mar-2018 13:51:36.967 信息 [main] org.apache.catalina.startup.HostConfig.deployDirectory Deploying web application directory [/Users/wangxiaolong/Downloads/Download/apache-tomcat-9.0.6/webapps/ROOT]
28-Mar-2018 13:51:36.990 信息 [main] org.apache.catalina.startup.HostConfig.deployDirectory Deployment of web application directory [/Users/wangxiaolong/Downloads/Download/apache-tomcat-9.0.6/webapps/ROOT] has finished in [23] ms
28-Mar-2018 13:51:36.990 信息 [main] org.apache.catalina.startup.HostConfig.deployDirectory Deploying web application directory [/Users/wangxiaolong/Downloads/Download/apache-tomcat-9.0.6/webapps/host-manager]
28-Mar-2018 13:51:37.017 信息 [main] org.apache.catalina.startup.HostConfig.deployDirectory Deployment of web application directory [/Users/wangxiaolong/Downloads/Download/apache-tomcat-9.0.6/webapps/host-manager] has finished in [26] ms
28-Mar-2018 13:51:37.022 信息 [main] org.apache.coyote.AbstractProtocol.start Starting ProtocolHandler ["http-nio-8080"]
28-Mar-2018 13:51:37.035 信息 [main] org.apache.coyote.AbstractProtocol.start Starting ProtocolHandler ["ajp-nio-8009"]
28-Mar-2018 13:51:37.038 信息 [main] org.apache.catalina.startup.Catalina.start Server startup in 1227 ms
28-Mar-2018 13:51:57.035 信息 [ContainerBackgroundProcessor[StandardEngine[Catalina]]] org.apache.catalina.startup.HostConfig.reload Reloading context []
28-Mar-2018 13:51:57.036 信息 [ContainerBackgroundProcessor[StandardEngine[Catalina]]] org.apache.catalina.core.StandardContext.reload Reloading Context with name [] has started
28-Mar-2018 13:51:57.079 信息 [ContainerBackgroundProcessor[StandardEngine[Catalina]]] org.apache.catalina.core.StandardContext.reload Reloading Context with name [] is completed
28-Mar-2018 13:51:57.080 信息 [ContainerBackgroundProcessor[StandardEngine[Catalina]]] org.apache.catalina.startup.HostConfig.reload Reloading context [/examples]
28-Mar-2018 13:51:57.080 信息 [ContainerBackgroundProcessor[StandardEngine[Catalina]]] org.apache.catalina.core.StandardContext.reload Reloading Context with name [/examples] has started
28-Mar-2018 13:51:57.321 信息 [ContainerBackgroundProcessor[StandardEngine[Catalina]]] org.apache.catalina.core.StandardContext.reload Reloading Context with name [/examples] is completed
28-Mar-2018 13:51:57.321 信息 [ContainerBackgroundProcessor[StandardEngine[Catalina]]] org.apache.catalina.startup.HostConfig.reload Reloading context [/host-manager]
28-Mar-2018 13:51:57.322 信息 [ContainerBackgroundProcessor[StandardEngine[Catalina]]] org.apache.catalina.core.StandardContext.reload Reloading Context with name [/host-manager] has started
28-Mar-2018 13:51:57.343 信息 [ContainerBackgroundProcessor[StandardEngine[Catalina]]] org.apache.catalina.core.StandardContext.reload Reloading Context with name [/host-manager] is completed
28-Mar-2018 13:51:57.344 信息 [ContainerBackgroundProcessor[StandardEngine[Catalina]]] org.apache.catalina.startup.HostConfig.reload Reloading context [/manager]
28-Mar-2018 13:51:57.344 信息 [ContainerBackgroundProcessor[StandardEngine[Catalina]]] org.apache.catalina.core.StandardContext.reload Reloading Context with name [/manager] has started
28-Mar-2018 13:51:57.370 信息 [ContainerBackgroundProcessor[StandardEngine[Catalina]]] org.apache.catalina.core.StandardContext.reload Reloading Context with name [/manager] is completed
28-Mar-2018 13:51:57.370 信息 [ContainerBackgroundProcessor[StandardEngine[Catalina]]] org.apache.catalina.startup.HostConfig.reload Reloading context [/docs]
28-Mar-2018 13:51:57.370 信息 [ContainerBackgroundProcessor[StandardEngine[Catalina]]] org.apache.catalina.core.StandardContext.reload Reloading Context with name [/docs] has started
28-Mar-2018 13:51:57.388 信息 [ContainerBackgroundProcessor[StandardEngine[Catalina]]] org.apache.catalina.core.StandardContext.reload Reloading Context with name [/docs] is completed
