28-Mar-2018 09:57:01.055 信息 [main] org.apache.catalina.core.ApplicationContext.log SessionListener: contextDestroyed()
28-Mar-2018 09:57:01.055 信息 [main] org.apache.catalina.core.ApplicationContext.log ContextListener: contextDestroyed()
28-Mar-2018 13:38:03.660 信息 [main] org.apache.catalina.core.ApplicationContext.log ContextListener: contextInitialized()
28-Mar-2018 13:38:03.660 信息 [main] org.apache.catalina.core.ApplicationContext.log SessionListener: contextInitialized()
28-Mar-2018 13:38:03.662 信息 [main] org.apache.catalina.core.ApplicationContext.log ContextListener: attributeAdded('StockTicker', 'async.Stockticker@302552ec')
28-Mar-2018 13:40:28.908 信息 [main] org.apache.catalina.core.ApplicationContext.log SessionListener: contextDestroyed()
28-Mar-2018 13:40:28.908 信息 [main] org.apache.catalina.core.ApplicationContext.log ContextListener: contextDestroyed()
28-Mar-2018 13:40:37.852 信息 [main] org.apache.catalina.core.ApplicationContext.log ContextListener: contextInitialized()
28-Mar-2018 13:40:37.852 信息 [main] org.apache.catalina.core.ApplicationContext.log SessionListener: contextInitialized()
28-Mar-2018 13:40:37.854 信息 [main] org.apache.catalina.core.ApplicationContext.log ContextListener: attributeAdded('StockTicker', 'async.Stockticker@302552ec')
28-Mar-2018 13:47:18.248 信息 [ContainerBackgroundProcessor[StandardEngine[Catalina]]] org.apache.catalina.core.ApplicationContext.log SessionListener: contextDestroyed()
28-Mar-2018 13:47:18.248 信息 [ContainerBackgroundProcessor[StandardEngine[Catalina]]] org.apache.catalina.core.ApplicationContext.log ContextListener: contextDestroyed()
28-Mar-2018 13:47:18.616 信息 [ContainerBackgroundProcessor[StandardEngine[Catalina]]] org.apache.catalina.core.ApplicationContext.log ContextListener: contextInitialized()
28-Mar-2018 13:47:18.617 信息 [ContainerBackgroundProcessor[StandardEngine[Catalina]]] org.apache.catalina.core.ApplicationContext.log SessionListener: contextInitialized()
28-Mar-2018 13:47:18.618 信息 [ContainerBackgroundProcessor[StandardEngine[Catalina]]] org.apache.catalina.core.ApplicationContext.log ContextListener: attributeAdded('StockTicker', 'async.Stockticker@4b734430')
28-Mar-2018 13:47:38.751 信息 [ContainerBackgroundProcessor[StandardEngine[Catalina]]] org.apache.catalina.core.ApplicationContext.log SessionListener: contextDestroyed()
28-Mar-2018 13:47:38.751 信息 [ContainerBackgroundProcessor[StandardEngine[Catalina]]] org.apache.catalina.core.ApplicationContext.log ContextListener: contextDestroyed()
28-Mar-2018 13:47:38.947 信息 [ContainerBackgroundProcessor[StandardEngine[Catalina]]] org.apache.catalina.core.ApplicationContext.log ContextListener: contextInitialized()
28-Mar-2018 13:47:38.948 信息 [ContainerBackgroundProcessor[StandardEngine[Catalina]]] org.apache.catalina.core.ApplicationContext.log SessionListener: contextInitialized()
28-Mar-2018 13:47:38.950 信息 [ContainerBackgroundProcessor[StandardEngine[Catalina]]] org.apache.catalina.core.ApplicationContext.log ContextListener: attributeAdded('StockTicker', 'async.Stockticker@3c2fe7b3')
28-Mar-2018 13:47:59.144 信息 [ContainerBackgroundProcessor[StandardEngine[Catalina]]] org.apache.catalina.core.ApplicationContext.log SessionListener: contextDestroyed()
28-Mar-2018 13:47:59.144 信息 [ContainerBackgroundProcessor[StandardEngine[Catalina]]] org.apache.catalina.core.ApplicationContext.log ContextListener: contextDestroyed()
28-Mar-2018 13:47:59.280 信息 [ContainerBackgroundProcessor[StandardEngine[Catalina]]] org.apache.catalina.core.ApplicationContext.log ContextListener: contextInitialized()
28-Mar-2018 13:47:59.280 信息 [ContainerBackgroundProcessor[StandardEngine[Catalina]]] org.apache.catalina.core.ApplicationContext.log SessionListener: contextInitialized()
28-Mar-2018 13:47:59.282 信息 [ContainerBackgroundProcessor[StandardEngine[Catalina]]] org.apache.catalina.core.ApplicationContext.log ContextListener: attributeAdded('StockTicker', 'async.Stockticker@940bd42')
28-Mar-2018 13:48:49.387 信息 [ContainerBackgroundProcessor[StandardEngine[Catalina]]] org.apache.catalina.core.ApplicationContext.log SessionListener: contextDestroyed()
28-Mar-2018 13:48:49.387 信息 [ContainerBackgroundProcessor[StandardEngine[Catalina]]] org.apache.catalina.core.ApplicationContext.log ContextListener: contextDestroyed()
28-Mar-2018 13:48:49.504 信息 [ContainerBackgroundProcessor[StandardEngine[Catalina]]] org.apache.catalina.core.ApplicationContext.log ContextListener: contextInitialized()
28-Mar-2018 13:48:49.504 信息 [ContainerBackgroundProcessor[StandardEngine[Catalina]]] org.apache.catalina.core.ApplicationContext.log SessionListener: contextInitialized()
28-Mar-2018 13:48:49.505 信息 [ContainerBackgroundProcessor[StandardEngine[Catalina]]] org.apache.catalina.core.ApplicationContext.log ContextListener: attributeAdded('StockTicker', 'async.Stockticker@350e65cd')
28-Mar-2018 13:49:19.600 信息 [ContainerBackgroundProcessor[StandardEngine[Catalina]]] org.apache.catalina.core.ApplicationContext.log SessionListener: contextDestroyed()
28-Mar-2018 13:49:19.600 信息 [ContainerBackgroundProcessor[StandardEngine[Catalina]]] org.apache.catalina.core.ApplicationContext.log ContextListener: contextDestroyed()
28-Mar-2018 13:49:19.792 信息 [ContainerBackgroundProcessor[StandardEngine[Catalina]]] org.apache.catalina.core.ApplicationContext.log ContextListener: contextInitialized()
28-Mar-2018 13:49:19.792 信息 [ContainerBackgroundProcessor[StandardEngine[Catalina]]] org.apache.catalina.core.ApplicationContext.log SessionListener: contextInitialized()
28-Mar-2018 13:49:19.793 信息 [ContainerBackgroundProcessor[StandardEngine[Catalina]]] org.apache.catalina.core.ApplicationContext.log ContextListener: attributeAdded('StockTicker', 'async.Stockticker@58687a1c')
28-Mar-2018 13:49:39.890 信息 [ContainerBackgroundProcessor[StandardEngine[Catalina]]] org.apache.catalina.core.ApplicationContext.log SessionListener: contextDestroyed()
28-Mar-2018 13:49:39.890 信息 [ContainerBackgroundProcessor[StandardEngine[Catalina]]] org.apache.catalina.core.ApplicationContext.log ContextListener: contextDestroyed()
28-Mar-2018 13:49:40.021 信息 [ContainerBackgroundProcessor[StandardEngine[Catalina]]] org.apache.catalina.core.ApplicationContext.log ContextListener: contextInitialized()
28-Mar-2018 13:49:40.021 信息 [ContainerBackgroundProcessor[StandardEngine[Catalina]]] org.apache.catalina.core.ApplicationContext.log SessionListener: contextInitialized()
28-Mar-2018 13:49:40.022 信息 [ContainerBackgroundProcessor[StandardEngine[Catalina]]] org.apache.catalina.core.ApplicationContext.log ContextListener: attributeAdded('StockTicker', 'async.Stockticker@196976a1')
28-Mar-2018 13:51:10.138 信息 [ContainerBackgroundProcessor[StandardEngine[Catalina]]] org.apache.catalina.core.ApplicationContext.log SessionListener: contextDestroyed()
28-Mar-2018 13:51:10.139 信息 [ContainerBackgroundProcessor[StandardEngine[Catalina]]] org.apache.catalina.core.ApplicationContext.log ContextListener: contextDestroyed()
28-Mar-2018 13:51:10.353 信息 [ContainerBackgroundProcessor[StandardEngine[Catalina]]] org.apache.catalina.core.ApplicationContext.log ContextListener: contextInitialized()
28-Mar-2018 13:51:10.353 信息 [ContainerBackgroundProcessor[StandardEngine[Catalina]]] org.apache.catalina.core.ApplicationContext.log SessionListener: contextInitialized()
28-Mar-2018 13:51:10.354 信息 [ContainerBackgroundProcessor[StandardEngine[Catalina]]] org.apache.catalina.core.ApplicationContext.log ContextListener: attributeAdded('StockTicker', 'async.Stockticker@25daeaa8')
28-Mar-2018 13:51:18.144 信息 [main] org.apache.catalina.core.ApplicationContext.log SessionListener: contextDestroyed()
28-Mar-2018 13:51:18.144 信息 [main] org.apache.catalina.core.ApplicationContext.log ContextListener: contextDestroyed()
28-Mar-2018 13:51:36.951 信息 [main] org.apache.catalina.core.ApplicationContext.log ContextListener: contextInitialized()
28-Mar-2018 13:51:36.952 信息 [main] org.apache.catalina.core.ApplicationContext.log SessionListener: contextInitialized()
28-Mar-2018 13:51:36.953 信息 [main] org.apache.catalina.core.ApplicationContext.log ContextListener: attributeAdded('StockTicker', 'async.Stockticker@3d285d7e')
28-Mar-2018 13:51:57.082 信息 [ContainerBackgroundProcessor[StandardEngine[Catalina]]] org.apache.catalina.core.ApplicationContext.log SessionListener: contextDestroyed()
28-Mar-2018 13:51:57.083 信息 [ContainerBackgroundProcessor[StandardEngine[Catalina]]] org.apache.catalina.core.ApplicationContext.log ContextListener: contextDestroyed()
28-Mar-2018 13:51:57.315 信息 [ContainerBackgroundProcessor[StandardEngine[Catalina]]] org.apache.catalina.core.ApplicationContext.log ContextListener: contextInitialized()
28-Mar-2018 13:51:57.315 信息 [ContainerBackgroundProcessor[StandardEngine[Catalina]]] org.apache.catalina.core.ApplicationContext.log SessionListener: contextInitialized()
28-Mar-2018 13:51:57.316 信息 [ContainerBackgroundProcessor[StandardEngine[Catalina]]] org.apache.catalina.core.ApplicationContext.log ContextListener: attributeAdded('StockTicker', 'async.Stockticker@2777e3f6')
